CRITICAL - 2025-07-28 15:51:21 --> ErrorException: Namespace declaration statement has to be the very first statement or after any declare call in the script
[Method: GET, Route: /]
in APPPATH\Config\Routes.php on line 5.
 1 [internal function]: CodeIgniter\Debug\Exceptions->shutdownHandler()
CRITICAL - 2025-07-28 15:56:58 --> ErrorException: Namespace declaration statement has to be the very first statement or after any declare call in the script
[Method: GET, Route: /]
in APPPATH\Config\Routes.php on line 5.
 1 [internal function]: CodeIgniter\Debug\Exceptions->shutdownHandler()
CRITICAL - 2025-07-28 16:00:42 --> ErrorException: Namespace declaration statement has to be the very first statement or after any declare call in the script
[Method: GET, Route: /]
in APPPATH\Config\Routes.php on line 5.
 1 [internal function]: CodeIgniter\Debug\Exceptions->shutdownHandler()
CRITICAL - 2025-07-28 16:07:21 --> Error: Class "Services" not found
[Method: GET, Route: /]
in APPPATH\Config\Routes.php on line 7.
 1 SYSTEMPATH\Router\RouteCollection.php(339): require()
 2 SYSTEMPATH\CodeIgniter.php(821): CodeIgniter\Router\RouteCollection->loadRoutes()
 3 SYSTEMPATH\CodeIgniter.php(455): CodeIgniter\CodeIgniter->tryToRouteIt(null)
 4 SYSTEMPATH\CodeIgniter.php(354): CodeIgniter\CodeIgniter->handleRequest(null, Object(Config\Cache), false)
 5 SYSTEMPATH\Boot.php(363): CodeIgniter\CodeIgniter->run()
 6 SYSTEMPATH\Boot.php(68): CodeIgniter\Boot::runCodeIgniter(Object(CodeIgniter\CodeIgniter))
 7 FCPATH\index.php(59): CodeIgniter\Boot::bootWeb(Object(Config\Paths))
DEBUG - 2025-07-28 16:17:47 --> Session: Class initialized using 'CodeIgniter\Session\Handlers\FileHandler' driver.
WARNING - 2025-07-28 16:17:47 --> [DEPRECATED] Creation of dynamic property CodeIgniter\View\View::$session is deprecated in APPPATH\Modules\Login\Views\viewLogin.php on line 81.
 1 SYSTEMPATH\View\View.php(226): include('C:\\laragon\\www\\ccfact2\\app\\Modules\\Login\\Views\\viewLogin.php')
 2 SYSTEMPATH\View\View.php(229): CodeIgniter\View\View->CodeIgniter\View\{closure}()
 3 SYSTEMPATH\Common.php(1167): CodeIgniter\View\View->render('Modules\\Login\\Views\\viewLogin', [], true)
 4 APPPATH\Modules\Login\Controllers\IndexController.php(37): view('Modules\\Login\\Views\\viewLogin', [...])
 5 SYSTEMPATH\CodeIgniter.php(933): Modules\Login\Controllers\IndexController->index()
 6 SYSTEMPATH\CodeIgniter.php(507): CodeIgniter\CodeIgniter->runController(Object(Modules\Login\Controllers\IndexController))
 7 SYSTEMPATH\CodeIgniter.php(354): CodeIgniter\CodeIgniter->handleRequest(null, Object(Config\Cache), false)
 8 SYSTEMPATH\Boot.php(363): CodeIgniter\CodeIgniter->run()
 9 SYSTEMPATH\Boot.php(68): CodeIgniter\Boot::runCodeIgniter(Object(CodeIgniter\CodeIgniter))
10 FCPATH\index.php(59): CodeIgniter\Boot::bootWeb(Object(Config\Paths))
DEBUG - 2025-07-28 16:18:16 --> Session: Class initialized using 'CodeIgniter\Session\Handlers\FileHandler' driver.
WARNING - 2025-07-28 16:18:16 --> [DEPRECATED] Creation of dynamic property CodeIgniter\View\View::$session is deprecated in APPPATH\Modules\Login\Views\viewLogin.php on line 81.
 1 SYSTEMPATH\View\View.php(226): include('C:\\laragon\\www\\ccfact2\\app\\Modules\\Login\\Views\\viewLogin.php')
 2 SYSTEMPATH\View\View.php(229): CodeIgniter\View\View->CodeIgniter\View\{closure}()
 3 SYSTEMPATH\Common.php(1167): CodeIgniter\View\View->render('Modules\\Login\\Views\\viewLogin', [], true)
 4 APPPATH\Modules\Login\Controllers\IndexController.php(37): view('Modules\\Login\\Views\\viewLogin', [...])
 5 SYSTEMPATH\CodeIgniter.php(933): Modules\Login\Controllers\IndexController->index()
 6 SYSTEMPATH\CodeIgniter.php(507): CodeIgniter\CodeIgniter->runController(Object(Modules\Login\Controllers\IndexController))
 7 SYSTEMPATH\CodeIgniter.php(354): CodeIgniter\CodeIgniter->handleRequest(null, Object(Config\Cache), false)
 8 SYSTEMPATH\Boot.php(363): CodeIgniter\CodeIgniter->run()
 9 SYSTEMPATH\Boot.php(68): CodeIgniter\Boot::runCodeIgniter(Object(CodeIgniter\CodeIgniter))
10 FCPATH\index.php(59): CodeIgniter\Boot::bootWeb(Object(Config\Paths))
DEBUG - 2025-07-28 16:18:42 --> Session: Class initialized using 'CodeIgniter\Session\Handlers\FileHandler' driver.
WARNING - 2025-07-28 16:18:42 --> [DEPRECATED] Creation of dynamic property CodeIgniter\View\View::$session is deprecated in APPPATH\Modules\Login\Views\viewLogin.php on line 81.
 1 SYSTEMPATH\View\View.php(226): include('C:\\laragon\\www\\ccfact2\\app\\Modules\\Login\\Views\\viewLogin.php')
 2 SYSTEMPATH\View\View.php(229): CodeIgniter\View\View->CodeIgniter\View\{closure}()
 3 SYSTEMPATH\Common.php(1167): CodeIgniter\View\View->render('Modules\\Login\\Views\\viewLogin', [], true)
 4 APPPATH\Modules\Login\Controllers\IndexController.php(37): view('Modules\\Login\\Views\\viewLogin', [...])
 5 SYSTEMPATH\CodeIgniter.php(933): Modules\Login\Controllers\IndexController->index()
 6 SYSTEMPATH\CodeIgniter.php(507): CodeIgniter\CodeIgniter->runController(Object(Modules\Login\Controllers\IndexController))
 7 SYSTEMPATH\CodeIgniter.php(354): CodeIgniter\CodeIgniter->handleRequest(null, Object(Config\Cache), false)
 8 SYSTEMPATH\Boot.php(363): CodeIgniter\CodeIgniter->run()
 9 SYSTEMPATH\Boot.php(68): CodeIgniter\Boot::runCodeIgniter(Object(CodeIgniter\CodeIgniter))
10 FCPATH\index.php(59): CodeIgniter\Boot::bootWeb(Object(Config\Paths))
DEBUG - 2025-07-28 16:18:57 --> Session: Class initialized using 'CodeIgniter\Session\Handlers\FileHandler' driver.
WARNING - 2025-07-28 16:18:57 --> [DEPRECATED] Creation of dynamic property CodeIgniter\View\View::$session is deprecated in APPPATH\Modules\Login\Views\viewLogin.php on line 81.
 1 SYSTEMPATH\View\View.php(226): include('C:\\laragon\\www\\ccfact2\\app\\Modules\\Login\\Views\\viewLogin.php')
 2 SYSTEMPATH\View\View.php(229): CodeIgniter\View\View->CodeIgniter\View\{closure}()
 3 SYSTEMPATH\Common.php(1167): CodeIgniter\View\View->render('Modules\\Login\\Views\\viewLogin', [], true)
 4 APPPATH\Modules\Login\Controllers\IndexController.php(37): view('Modules\\Login\\Views\\viewLogin', [...])
 5 SYSTEMPATH\CodeIgniter.php(933): Modules\Login\Controllers\IndexController->index()
 6 SYSTEMPATH\CodeIgniter.php(507): CodeIgniter\CodeIgniter->runController(Object(Modules\Login\Controllers\IndexController))
 7 SYSTEMPATH\CodeIgniter.php(354): CodeIgniter\CodeIgniter->handleRequest(null, Object(Config\Cache), false)
 8 SYSTEMPATH\Boot.php(363): CodeIgniter\CodeIgniter->run()
 9 SYSTEMPATH\Boot.php(68): CodeIgniter\Boot::runCodeIgniter(Object(CodeIgniter\CodeIgniter))
10 FCPATH\index.php(59): CodeIgniter\Boot::bootWeb(Object(Config\Paths))
DEBUG - 2025-07-28 16:19:10 --> Session: Class initialized using 'CodeIgniter\Session\Handlers\FileHandler' driver.
WARNING - 2025-07-28 16:19:10 --> [DEPRECATED] Creation of dynamic property CodeIgniter\View\View::$session is deprecated in APPPATH\Modules\Login\Views\viewLogin.php on line 81.
 1 SYSTEMPATH\View\View.php(226): include('C:\\laragon\\www\\ccfact2\\app\\Modules\\Login\\Views\\viewLogin.php')
 2 SYSTEMPATH\View\View.php(229): CodeIgniter\View\View->CodeIgniter\View\{closure}()
 3 SYSTEMPATH\Common.php(1167): CodeIgniter\View\View->render('Modules\\Login\\Views\\viewLogin', [], true)
 4 APPPATH\Modules\Login\Controllers\IndexController.php(37): view('Modules\\Login\\Views\\viewLogin', [...])
 5 SYSTEMPATH\CodeIgniter.php(933): Modules\Login\Controllers\IndexController->index()
 6 SYSTEMPATH\CodeIgniter.php(507): CodeIgniter\CodeIgniter->runController(Object(Modules\Login\Controllers\IndexController))
 7 SYSTEMPATH\CodeIgniter.php(354): CodeIgniter\CodeIgniter->handleRequest(null, Object(Config\Cache), false)
 8 SYSTEMPATH\Boot.php(363): CodeIgniter\CodeIgniter->run()
 9 SYSTEMPATH\Boot.php(68): CodeIgniter\Boot::runCodeIgniter(Object(CodeIgniter\CodeIgniter))
10 FCPATH\index.php(59): CodeIgniter\Boot::bootWeb(Object(Config\Paths))
DEBUG - 2025-07-28 16:34:12 --> Session: Class initialized using 'CodeIgniter\Session\Handlers\FileHandler' driver.
WARNING - 2025-07-28 16:34:12 --> [DEPRECATED] Creation of dynamic property CodeIgniter\View\View::$session is deprecated in APPPATH\Modules\Login\Views\viewLogin.php on line 81.
 1 SYSTEMPATH\View\View.php(226): include('C:\\laragon\\www\\ccfact2\\app\\Modules\\Login\\Views\\viewLogin.php')
 2 SYSTEMPATH\View\View.php(229): CodeIgniter\View\View->CodeIgniter\View\{closure}()
 3 SYSTEMPATH\Common.php(1167): CodeIgniter\View\View->render('Modules\\Login\\Views\\viewLogin', [], true)
 4 APPPATH\Modules\Login\Controllers\IndexController.php(37): view('Modules\\Login\\Views\\viewLogin', [...])
 5 SYSTEMPATH\CodeIgniter.php(933): Modules\Login\Controllers\IndexController->index()
 6 SYSTEMPATH\CodeIgniter.php(507): CodeIgniter\CodeIgniter->runController(Object(Modules\Login\Controllers\IndexController))
 7 SYSTEMPATH\CodeIgniter.php(354): CodeIgniter\CodeIgniter->handleRequest(null, Object(Config\Cache), false)
 8 SYSTEMPATH\Boot.php(363): CodeIgniter\CodeIgniter->run()
 9 SYSTEMPATH\Boot.php(68): CodeIgniter\Boot::runCodeIgniter(Object(CodeIgniter\CodeIgniter))
10 FCPATH\index.php(59): CodeIgniter\Boot::bootWeb(Object(Config\Paths))
DEBUG - 2025-07-28 16:34:33 --> Session: Class initialized using 'CodeIgniter\Session\Handlers\FileHandler' driver.
WARNING - 2025-07-28 16:34:33 --> [DEPRECATED] Creation of dynamic property CodeIgniter\View\View::$session is deprecated in APPPATH\Modules\Login\Views\viewLogin.php on line 81.
 1 SYSTEMPATH\View\View.php(226): include('C:\\laragon\\www\\ccfact2\\app\\Modules\\Login\\Views\\viewLogin.php')
 2 SYSTEMPATH\View\View.php(229): CodeIgniter\View\View->CodeIgniter\View\{closure}()
 3 SYSTEMPATH\Common.php(1167): CodeIgniter\View\View->render('Modules\\Login\\Views\\viewLogin', [], true)
 4 APPPATH\Modules\Login\Controllers\IndexController.php(37): view('Modules\\Login\\Views\\viewLogin', [...])
 5 SYSTEMPATH\CodeIgniter.php(933): Modules\Login\Controllers\IndexController->index()
 6 SYSTEMPATH\CodeIgniter.php(507): CodeIgniter\CodeIgniter->runController(Object(Modules\Login\Controllers\IndexController))
 7 SYSTEMPATH\CodeIgniter.php(354): CodeIgniter\CodeIgniter->handleRequest(null, Object(Config\Cache), false)
 8 SYSTEMPATH\Boot.php(363): CodeIgniter\CodeIgniter->run()
 9 SYSTEMPATH\Boot.php(68): CodeIgniter\Boot::runCodeIgniter(Object(CodeIgniter\CodeIgniter))
10 FCPATH\index.php(59): CodeIgniter\Boot::bootWeb(Object(Config\Paths))
DEBUG - 2025-07-28 16:37:53 --> Session: Class initialized using 'CodeIgniter\Session\Handlers\FileHandler' driver.
WARNING - 2025-07-28 16:37:53 --> [DEPRECATED] Creation of dynamic property CodeIgniter\View\View::$session is deprecated in APPPATH\Modules\Login\Views\viewLogin.php on line 81.
 1 SYSTEMPATH\View\View.php(226): include('C:\\laragon\\www\\ccfact2\\app\\Modules\\Login\\Views\\viewLogin.php')
 2 SYSTEMPATH\View\View.php(229): CodeIgniter\View\View->CodeIgniter\View\{closure}()
 3 SYSTEMPATH\Common.php(1167): CodeIgniter\View\View->render('Modules\\Login\\Views\\viewLogin', [], true)
 4 APPPATH\Modules\Login\Controllers\IndexController.php(37): view('Modules\\Login\\Views\\viewLogin', [...])
 5 SYSTEMPATH\CodeIgniter.php(933): Modules\Login\Controllers\IndexController->index()
 6 SYSTEMPATH\CodeIgniter.php(507): CodeIgniter\CodeIgniter->runController(Object(Modules\Login\Controllers\IndexController))
 7 SYSTEMPATH\CodeIgniter.php(354): CodeIgniter\CodeIgniter->handleRequest(null, Object(Config\Cache), false)
 8 SYSTEMPATH\Boot.php(363): CodeIgniter\CodeIgniter->run()
 9 SYSTEMPATH\Boot.php(68): CodeIgniter\Boot::runCodeIgniter(Object(CodeIgniter\CodeIgniter))
10 FCPATH\index.php(59): CodeIgniter\Boot::bootWeb(Object(Config\Paths))
DEBUG - 2025-07-28 16:38:31 --> Session: Class initialized using 'CodeIgniter\Session\Handlers\FileHandler' driver.
WARNING - 2025-07-28 16:38:31 --> [DEPRECATED] Creation of dynamic property CodeIgniter\View\View::$session is deprecated in APPPATH\Modules\Login\Views\viewLogin.php on line 81.
 1 SYSTEMPATH\View\View.php(226): include('C:\\laragon\\www\\ccfact2\\app\\Modules\\Login\\Views\\viewLogin.php')
 2 SYSTEMPATH\View\View.php(229): CodeIgniter\View\View->CodeIgniter\View\{closure}()
 3 SYSTEMPATH\Common.php(1167): CodeIgniter\View\View->render('Modules\\Login\\Views\\viewLogin', [], true)
 4 APPPATH\Modules\Login\Controllers\IndexController.php(37): view('Modules\\Login\\Views\\viewLogin', [...])
 5 SYSTEMPATH\CodeIgniter.php(933): Modules\Login\Controllers\IndexController->index()
 6 SYSTEMPATH\CodeIgniter.php(507): CodeIgniter\CodeIgniter->runController(Object(Modules\Login\Controllers\IndexController))
 7 SYSTEMPATH\CodeIgniter.php(354): CodeIgniter\CodeIgniter->handleRequest(null, Object(Config\Cache), false)
 8 SYSTEMPATH\Boot.php(363): CodeIgniter\CodeIgniter->run()
 9 SYSTEMPATH\Boot.php(68): CodeIgniter\Boot::runCodeIgniter(Object(CodeIgniter\CodeIgniter))
10 FCPATH\index.php(59): CodeIgniter\Boot::bootWeb(Object(Config\Paths))
DEBUG - 2025-07-28 16:38:59 --> Session: Class initialized using 'CodeIgniter\Session\Handlers\FileHandler' driver.
WARNING - 2025-07-28 16:38:59 --> [DEPRECATED] Creation of dynamic property CodeIgniter\View\View::$session is deprecated in APPPATH\Modules\Login\Views\viewLogin.php on line 81.
 1 SYSTEMPATH\View\View.php(226): include('C:\\laragon\\www\\ccfact2\\app\\Modules\\Login\\Views\\viewLogin.php')
 2 SYSTEMPATH\View\View.php(229): CodeIgniter\View\View->CodeIgniter\View\{closure}()
 3 SYSTEMPATH\Common.php(1167): CodeIgniter\View\View->render('Modules\\Login\\Views\\viewLogin', [], true)
 4 APPPATH\Modules\Login\Controllers\IndexController.php(37): view('Modules\\Login\\Views\\viewLogin', [...])
 5 SYSTEMPATH\CodeIgniter.php(933): Modules\Login\Controllers\IndexController->index()
 6 SYSTEMPATH\CodeIgniter.php(507): CodeIgniter\CodeIgniter->runController(Object(Modules\Login\Controllers\IndexController))
 7 SYSTEMPATH\CodeIgniter.php(354): CodeIgniter\CodeIgniter->handleRequest(null, Object(Config\Cache), false)
 8 SYSTEMPATH\Boot.php(363): CodeIgniter\CodeIgniter->run()
 9 SYSTEMPATH\Boot.php(68): CodeIgniter\Boot::runCodeIgniter(Object(CodeIgniter\CodeIgniter))
10 FCPATH\index.php(59): CodeIgniter\Boot::bootWeb(Object(Config\Paths))
DEBUG - 2025-07-28 16:39:12 --> Session: Class initialized using 'CodeIgniter\Session\Handlers\FileHandler' driver.
WARNING - 2025-07-28 16:39:12 --> [DEPRECATED] Creation of dynamic property CodeIgniter\View\View::$session is deprecated in APPPATH\Modules\Login\Views\viewLogin.php on line 81.
 1 SYSTEMPATH\View\View.php(226): include('C:\\laragon\\www\\ccfact2\\app\\Modules\\Login\\Views\\viewLogin.php')
 2 SYSTEMPATH\View\View.php(229): CodeIgniter\View\View->CodeIgniter\View\{closure}()
 3 SYSTEMPATH\Common.php(1167): CodeIgniter\View\View->render('Modules\\Login\\Views\\viewLogin', [], true)
 4 APPPATH\Modules\Login\Controllers\IndexController.php(37): view('Modules\\Login\\Views\\viewLogin', [...])
 5 SYSTEMPATH\CodeIgniter.php(933): Modules\Login\Controllers\IndexController->index()
 6 SYSTEMPATH\CodeIgniter.php(507): CodeIgniter\CodeIgniter->runController(Object(Modules\Login\Controllers\IndexController))
 7 SYSTEMPATH\CodeIgniter.php(354): CodeIgniter\CodeIgniter->handleRequest(null, Object(Config\Cache), false)
 8 SYSTEMPATH\Boot.php(363): CodeIgniter\CodeIgniter->run()
 9 SYSTEMPATH\Boot.php(68): CodeIgniter\Boot::runCodeIgniter(Object(CodeIgniter\CodeIgniter))
10 FCPATH\index.php(59): CodeIgniter\Boot::bootWeb(Object(Config\Paths))
DEBUG - 2025-07-28 16:44:09 --> Session: Class initialized using 'CodeIgniter\Session\Handlers\FileHandler' driver.
WARNING - 2025-07-28 16:44:09 --> [DEPRECATED] Creation of dynamic property CodeIgniter\View\View::$session is deprecated in APPPATH\Modules\Login\Views\viewLogin.php on line 81.
 1 SYSTEMPATH\View\View.php(226): include('C:\\laragon\\www\\ccfact2\\app\\Modules\\Login\\Views\\viewLogin.php')
 2 SYSTEMPATH\View\View.php(229): CodeIgniter\View\View->CodeIgniter\View\{closure}()
 3 SYSTEMPATH\Common.php(1167): CodeIgniter\View\View->render('Modules\\Login\\Views\\viewLogin', [], true)
 4 APPPATH\Modules\Login\Controllers\IndexController.php(37): view('Modules\\Login\\Views\\viewLogin', [...])
 5 SYSTEMPATH\CodeIgniter.php(933): Modules\Login\Controllers\IndexController->index()
 6 SYSTEMPATH\CodeIgniter.php(507): CodeIgniter\CodeIgniter->runController(Object(Modules\Login\Controllers\IndexController))
 7 SYSTEMPATH\CodeIgniter.php(354): CodeIgniter\CodeIgniter->handleRequest(null, Object(Config\Cache), false)
 8 SYSTEMPATH\Boot.php(363): CodeIgniter\CodeIgniter->run()
 9 SYSTEMPATH\Boot.php(68): CodeIgniter\Boot::runCodeIgniter(Object(CodeIgniter\CodeIgniter))
10 FCPATH\index.php(59): CodeIgniter\Boot::bootWeb(Object(Config\Paths))
DEBUG - 2025-07-28 16:46:00 --> Session: Class initialized using 'CodeIgniter\Session\Handlers\FileHandler' driver.
WARNING - 2025-07-28 16:46:00 --> [DEPRECATED] Creation of dynamic property CodeIgniter\View\View::$session is deprecated in APPPATH\Modules\Login\Views\viewLogin.php on line 81.
 1 SYSTEMPATH\View\View.php(226): include('C:\\laragon\\www\\ccfact2\\app\\Modules\\Login\\Views\\viewLogin.php')
 2 SYSTEMPATH\View\View.php(229): CodeIgniter\View\View->CodeIgniter\View\{closure}()
 3 SYSTEMPATH\Common.php(1167): CodeIgniter\View\View->render('Modules\\Login\\Views\\viewLogin', [], true)
 4 APPPATH\Modules\Login\Controllers\IndexController.php(37): view('Modules\\Login\\Views\\viewLogin', [...])
 5 SYSTEMPATH\CodeIgniter.php(933): Modules\Login\Controllers\IndexController->index()
 6 SYSTEMPATH\CodeIgniter.php(507): CodeIgniter\CodeIgniter->runController(Object(Modules\Login\Controllers\IndexController))
 7 SYSTEMPATH\CodeIgniter.php(354): CodeIgniter\CodeIgniter->handleRequest(null, Object(Config\Cache), false)
 8 SYSTEMPATH\Boot.php(363): CodeIgniter\CodeIgniter->run()
 9 SYSTEMPATH\Boot.php(68): CodeIgniter\Boot::runCodeIgniter(Object(CodeIgniter\CodeIgniter))
10 FCPATH\index.php(59): CodeIgniter\Boot::bootWeb(Object(Config\Paths))
DEBUG - 2025-07-28 16:47:25 --> Session: Class initialized using 'CodeIgniter\Session\Handlers\FileHandler' driver.
WARNING - 2025-07-28 16:47:25 --> [DEPRECATED] Creation of dynamic property CodeIgniter\View\View::$session is deprecated in APPPATH\Modules\Login\Views\viewLogin.php on line 81.
 1 SYSTEMPATH\View\View.php(226): include('C:\\laragon\\www\\ccfact2\\app\\Modules\\Login\\Views\\viewLogin.php')
 2 SYSTEMPATH\View\View.php(229): CodeIgniter\View\View->CodeIgniter\View\{closure}()
 3 SYSTEMPATH\Common.php(1167): CodeIgniter\View\View->render('Modules\\Login\\Views\\viewLogin', [], true)
 4 APPPATH\Modules\Login\Controllers\IndexController.php(37): view('Modules\\Login\\Views\\viewLogin', [...])
 5 SYSTEMPATH\CodeIgniter.php(933): Modules\Login\Controllers\IndexController->index()
 6 SYSTEMPATH\CodeIgniter.php(507): CodeIgniter\CodeIgniter->runController(Object(Modules\Login\Controllers\IndexController))
 7 SYSTEMPATH\CodeIgniter.php(354): CodeIgniter\CodeIgniter->handleRequest(null, Object(Config\Cache), false)
 8 SYSTEMPATH\Boot.php(363): CodeIgniter\CodeIgniter->run()
 9 SYSTEMPATH\Boot.php(68): CodeIgniter\Boot::runCodeIgniter(Object(CodeIgniter\CodeIgniter))
10 FCPATH\index.php(59): CodeIgniter\Boot::bootWeb(Object(Config\Paths))
DEBUG - 2025-07-28 16:54:26 --> Session: Class initialized using 'CodeIgniter\Session\Handlers\FileHandler' driver.
WARNING - 2025-07-28 16:54:26 --> [DEPRECATED] Creation of dynamic property CodeIgniter\View\View::$session is deprecated in APPPATH\Modules\Login\Views\viewLogin.php on line 81.
 1 SYSTEMPATH\View\View.php(226): include('C:\\laragon\\www\\ccfact2\\app\\Modules\\Login\\Views\\viewLogin.php')
 2 SYSTEMPATH\View\View.php(229): CodeIgniter\View\View->CodeIgniter\View\{closure}()
 3 SYSTEMPATH\Common.php(1167): CodeIgniter\View\View->render('Modules\\Login\\Views\\viewLogin', [], true)
 4 APPPATH\Modules\Login\Controllers\IndexController.php(37): view('Modules\\Login\\Views\\viewLogin', [...])
 5 SYSTEMPATH\CodeIgniter.php(933): Modules\Login\Controllers\IndexController->index()
 6 SYSTEMPATH\CodeIgniter.php(507): CodeIgniter\CodeIgniter->runController(Object(Modules\Login\Controllers\IndexController))
 7 SYSTEMPATH\CodeIgniter.php(354): CodeIgniter\CodeIgniter->handleRequest(null, Object(Config\Cache), false)
 8 SYSTEMPATH\Boot.php(363): CodeIgniter\CodeIgniter->run()
 9 SYSTEMPATH\Boot.php(68): CodeIgniter\Boot::runCodeIgniter(Object(CodeIgniter\CodeIgniter))
10 FCPATH\index.php(59): CodeIgniter\Boot::bootWeb(Object(Config\Paths))
DEBUG - 2025-07-28 17:07:49 --> Session: Class initialized using 'CodeIgniter\Session\Handlers\FileHandler' driver.
WARNING - 2025-07-28 17:07:49 --> [DEPRECATED] Creation of dynamic property CodeIgniter\View\View::$session is deprecated in APPPATH\Modules\Login\Views\viewLogin.php on line 81.
 1 SYSTEMPATH\View\View.php(226): include('C:\\laragon\\www\\ccfact2\\app\\Modules\\Login\\Views\\viewLogin.php')
 2 SYSTEMPATH\View\View.php(229): CodeIgniter\View\View->CodeIgniter\View\{closure}()
 3 SYSTEMPATH\Common.php(1167): CodeIgniter\View\View->render('Modules\\Login\\Views\\viewLogin', [], true)
 4 APPPATH\Modules\Login\Controllers\IndexController.php(37): view('Modules\\Login\\Views\\viewLogin', [...])
 5 SYSTEMPATH\CodeIgniter.php(933): Modules\Login\Controllers\IndexController->index()
 6 SYSTEMPATH\CodeIgniter.php(507): CodeIgniter\CodeIgniter->runController(Object(Modules\Login\Controllers\IndexController))
 7 SYSTEMPATH\CodeIgniter.php(354): CodeIgniter\CodeIgniter->handleRequest(null, Object(Config\Cache), false)
 8 SYSTEMPATH\Boot.php(363): CodeIgniter\CodeIgniter->run()
 9 SYSTEMPATH\Boot.php(68): CodeIgniter\Boot::runCodeIgniter(Object(CodeIgniter\CodeIgniter))
10 FCPATH\index.php(59): CodeIgniter\Boot::bootWeb(Object(Config\Paths))
