DEBUG - 2025-08-13 14:52:45 --> Session: Class initialized using 'CodeIgniter\Session\Handlers\FileHandler' driver.
WARNING - 2025-08-13 14:52:46 --> [DEPRECATED] Creation of dynamic property CodeIgniter\View\View::$session is deprecated in APPPATH\Modules\Login\Views\viewLogin.php on line 81.
 1 SYSTEMPATH\View\View.php(226): include('C:\\laragon\\www\\ccfact2\\app\\Modules\\Login\\Views\\viewLogin.php')
 2 SYSTEMPATH\View\View.php(229): CodeIgniter\View\View->CodeIgniter\View\{closure}()
 3 SYSTEMPATH\Common.php(1167): CodeIgniter\View\View->render('Modules\\Login\\Views\\viewLogin', [], true)
 4 APPPATH\Modules\Login\Controllers\IndexController.php(37): view('Modules\\Login\\Views\\viewLogin', [...])
 5 SYSTEMPATH\CodeIgniter.php(933): Modules\Login\Controllers\IndexController->index()
 6 SYSTEMPATH\CodeIgniter.php(507): CodeIgniter\CodeIgniter->runController(Object(Modules\Login\Controllers\IndexController))
 7 SYSTEMPATH\CodeIgniter.php(354): CodeIgniter\CodeIgniter->handleRequest(null, Object(Config\Cache), false)
 8 SYSTEMPATH\Boot.php(363): CodeIgniter\CodeIgniter->run()
 9 SYSTEMPATH\Boot.php(68): CodeIgniter\Boot::runCodeIgniter(Object(CodeIgniter\CodeIgniter))
10 FCPATH\index.php(59): CodeIgniter\Boot::bootWeb(Object(Config\Paths))
DEBUG - 2025-08-13 15:08:56 --> Session: Class initialized using 'CodeIgniter\Session\Handlers\FileHandler' driver.
WARNING - 2025-08-13 15:08:56 --> [DEPRECATED] Creation of dynamic property CodeIgniter\View\View::$session is deprecated in APPPATH\Modules\Login\Views\viewLogin.php on line 81.
 1 SYSTEMPATH\View\View.php(226): include('C:\\laragon\\www\\ccfact2\\app\\Modules\\Login\\Views\\viewLogin.php')
 2 SYSTEMPATH\View\View.php(229): CodeIgniter\View\View->CodeIgniter\View\{closure}()
 3 SYSTEMPATH\Common.php(1167): CodeIgniter\View\View->render('Modules\\Login\\Views\\viewLogin', [], true)
 4 APPPATH\Modules\Login\Controllers\IndexController.php(37): view('Modules\\Login\\Views\\viewLogin', [...])
 5 SYSTEMPATH\CodeIgniter.php(933): Modules\Login\Controllers\IndexController->index()
 6 SYSTEMPATH\CodeIgniter.php(507): CodeIgniter\CodeIgniter->runController(Object(Modules\Login\Controllers\IndexController))
 7 SYSTEMPATH\CodeIgniter.php(354): CodeIgniter\CodeIgniter->handleRequest(null, Object(Config\Cache), false)
 8 SYSTEMPATH\Boot.php(363): CodeIgniter\CodeIgniter->run()
 9 SYSTEMPATH\Boot.php(68): CodeIgniter\Boot::runCodeIgniter(Object(CodeIgniter\CodeIgniter))
10 FCPATH\index.php(59): CodeIgniter\Boot::bootWeb(Object(Config\Paths))
DEBUG - 2025-08-13 15:11:16 --> Session: Class initialized using 'CodeIgniter\Session\Handlers\FileHandler' driver.
WARNING - 2025-08-13 15:11:16 --> [DEPRECATED] Creation of dynamic property CodeIgniter\View\View::$session is deprecated in APPPATH\Modules\Login\Views\viewLogin.php on line 82.
 1 SYSTEMPATH\View\View.php(226): include('C:\\laragon\\www\\ccfact2\\app\\Modules\\Login\\Views\\viewLogin.php')
 2 SYSTEMPATH\View\View.php(229): CodeIgniter\View\View->CodeIgniter\View\{closure}()
 3 SYSTEMPATH\Common.php(1167): CodeIgniter\View\View->render('Modules\\Login\\Views\\viewLogin', [], true)
 4 APPPATH\Modules\Login\Controllers\IndexController.php(37): view('Modules\\Login\\Views\\viewLogin', [...])
 5 SYSTEMPATH\CodeIgniter.php(933): Modules\Login\Controllers\IndexController->index()
 6 SYSTEMPATH\CodeIgniter.php(507): CodeIgniter\CodeIgniter->runController(Object(Modules\Login\Controllers\IndexController))
 7 SYSTEMPATH\CodeIgniter.php(354): CodeIgniter\CodeIgniter->handleRequest(null, Object(Config\Cache), false)
 8 SYSTEMPATH\Boot.php(363): CodeIgniter\CodeIgniter->run()
 9 SYSTEMPATH\Boot.php(68): CodeIgniter\Boot::runCodeIgniter(Object(CodeIgniter\CodeIgniter))
10 FCPATH\index.php(59): CodeIgniter\Boot::bootWeb(Object(Config\Paths))
DEBUG - 2025-08-13 15:12:19 --> Session: Class initialized using 'CodeIgniter\Session\Handlers\FileHandler' driver.
WARNING - 2025-08-13 15:12:19 --> [DEPRECATED] Creation of dynamic property CodeIgniter\View\View::$session is deprecated in APPPATH\Modules\Login\Views\viewLogin.php on line 82.
 1 SYSTEMPATH\View\View.php(226): include('C:\\laragon\\www\\ccfact2\\app\\Modules\\Login\\Views\\viewLogin.php')
 2 SYSTEMPATH\View\View.php(229): CodeIgniter\View\View->CodeIgniter\View\{closure}()
 3 SYSTEMPATH\Common.php(1167): CodeIgniter\View\View->render('Modules\\Login\\Views\\viewLogin', [], true)
 4 APPPATH\Modules\Login\Controllers\IndexController.php(37): view('Modules\\Login\\Views\\viewLogin', [...])
 5 SYSTEMPATH\CodeIgniter.php(933): Modules\Login\Controllers\IndexController->index()
 6 SYSTEMPATH\CodeIgniter.php(507): CodeIgniter\CodeIgniter->runController(Object(Modules\Login\Controllers\IndexController))
 7 SYSTEMPATH\CodeIgniter.php(354): CodeIgniter\CodeIgniter->handleRequest(null, Object(Config\Cache), false)
 8 SYSTEMPATH\Boot.php(363): CodeIgniter\CodeIgniter->run()
 9 SYSTEMPATH\Boot.php(68): CodeIgniter\Boot::runCodeIgniter(Object(CodeIgniter\CodeIgniter))
10 FCPATH\index.php(59): CodeIgniter\Boot::bootWeb(Object(Config\Paths))
DEBUG - 2025-08-13 15:34:46 --> Session: Class initialized using 'CodeIgniter\Session\Handlers\FileHandler' driver.
WARNING - 2025-08-13 15:34:46 --> [DEPRECATED] Creation of dynamic property CodeIgniter\View\View::$session is deprecated in APPPATH\Modules\Login\Views\viewLogin.php on line 82.
 1 SYSTEMPATH\View\View.php(226): include('C:\\laragon\\www\\ccfact2\\app\\Modules\\Login\\Views\\viewLogin.php')
 2 SYSTEMPATH\View\View.php(229): CodeIgniter\View\View->CodeIgniter\View\{closure}()
 3 SYSTEMPATH\Common.php(1167): CodeIgniter\View\View->render('Modules\\Login\\Views\\viewLogin', [], true)
 4 APPPATH\Modules\Login\Controllers\IndexController.php(37): view('Modules\\Login\\Views\\viewLogin', [...])
 5 SYSTEMPATH\CodeIgniter.php(933): Modules\Login\Controllers\IndexController->index()
 6 SYSTEMPATH\CodeIgniter.php(507): CodeIgniter\CodeIgniter->runController(Object(Modules\Login\Controllers\IndexController))
 7 SYSTEMPATH\CodeIgniter.php(354): CodeIgniter\CodeIgniter->handleRequest(null, Object(Config\Cache), false)
 8 SYSTEMPATH\Boot.php(363): CodeIgniter\CodeIgniter->run()
 9 SYSTEMPATH\Boot.php(68): CodeIgniter\Boot::runCodeIgniter(Object(CodeIgniter\CodeIgniter))
10 FCPATH\index.php(59): CodeIgniter\Boot::bootWeb(Object(Config\Paths))
DEBUG - 2025-08-13 15:34:54 --> Session: Class initialized using 'CodeIgniter\Session\Handlers\FileHandler' driver.
WARNING - 2025-08-13 15:34:54 --> [DEPRECATED] Creation of dynamic property CodeIgniter\View\View::$session is deprecated in APPPATH\Modules\Login\Views\viewLogin.php on line 82.
 1 SYSTEMPATH\View\View.php(226): include('C:\\laragon\\www\\ccfact2\\app\\Modules\\Login\\Views\\viewLogin.php')
 2 SYSTEMPATH\View\View.php(229): CodeIgniter\View\View->CodeIgniter\View\{closure}()
 3 SYSTEMPATH\Common.php(1167): CodeIgniter\View\View->render('Modules\\Login\\Views\\viewLogin', [], true)
 4 APPPATH\Modules\Login\Controllers\IndexController.php(37): view('Modules\\Login\\Views\\viewLogin', [...])
 5 SYSTEMPATH\CodeIgniter.php(933): Modules\Login\Controllers\IndexController->index()
 6 SYSTEMPATH\CodeIgniter.php(507): CodeIgniter\CodeIgniter->runController(Object(Modules\Login\Controllers\IndexController))
 7 SYSTEMPATH\CodeIgniter.php(354): CodeIgniter\CodeIgniter->handleRequest(null, Object(Config\Cache), false)
 8 SYSTEMPATH\Boot.php(363): CodeIgniter\CodeIgniter->run()
 9 SYSTEMPATH\Boot.php(68): CodeIgniter\Boot::runCodeIgniter(Object(CodeIgniter\CodeIgniter))
10 FCPATH\index.php(59): CodeIgniter\Boot::bootWeb(Object(Config\Paths))
DEBUG - 2025-08-13 15:37:52 --> Session: Class initialized using 'CodeIgniter\Session\Handlers\FileHandler' driver.
WARNING - 2025-08-13 15:37:52 --> [DEPRECATED] Creation of dynamic property CodeIgniter\View\View::$session is deprecated in APPPATH\Modules\Login\Views\viewLogin.php on line 82.
 1 SYSTEMPATH\View\View.php(226): include('C:\\laragon\\www\\ccfact2\\app\\Modules\\Login\\Views\\viewLogin.php')
 2 SYSTEMPATH\View\View.php(229): CodeIgniter\View\View->CodeIgniter\View\{closure}()
 3 SYSTEMPATH\Common.php(1167): CodeIgniter\View\View->render('Modules\\Login\\Views\\viewLogin', [], true)
 4 APPPATH\Modules\Login\Controllers\IndexController.php(37): view('Modules\\Login\\Views\\viewLogin', [...])
 5 SYSTEMPATH\CodeIgniter.php(933): Modules\Login\Controllers\IndexController->index()
 6 SYSTEMPATH\CodeIgniter.php(507): CodeIgniter\CodeIgniter->runController(Object(Modules\Login\Controllers\IndexController))
 7 SYSTEMPATH\CodeIgniter.php(354): CodeIgniter\CodeIgniter->handleRequest(null, Object(Config\Cache), false)
 8 SYSTEMPATH\Boot.php(363): CodeIgniter\CodeIgniter->run()
 9 SYSTEMPATH\Boot.php(68): CodeIgniter\Boot::runCodeIgniter(Object(CodeIgniter\CodeIgniter))
10 FCPATH\index.php(59): CodeIgniter\Boot::bootWeb(Object(Config\Paths))
DEBUG - 2025-08-13 15:37:59 --> Session: Class initialized using 'CodeIgniter\Session\Handlers\FileHandler' driver.
WARNING - 2025-08-13 15:37:59 --> [DEPRECATED] Creation of dynamic property CodeIgniter\View\View::$session is deprecated in APPPATH\Modules\Login\Views\viewLogin.php on line 82.
 1 SYSTEMPATH\View\View.php(226): include('C:\\laragon\\www\\ccfact2\\app\\Modules\\Login\\Views\\viewLogin.php')
 2 SYSTEMPATH\View\View.php(229): CodeIgniter\View\View->CodeIgniter\View\{closure}()
 3 SYSTEMPATH\Common.php(1167): CodeIgniter\View\View->render('Modules\\Login\\Views\\viewLogin', [], true)
 4 APPPATH\Modules\Login\Controllers\IndexController.php(37): view('Modules\\Login\\Views\\viewLogin', [...])
 5 SYSTEMPATH\CodeIgniter.php(933): Modules\Login\Controllers\IndexController->index()
 6 SYSTEMPATH\CodeIgniter.php(507): CodeIgniter\CodeIgniter->runController(Object(Modules\Login\Controllers\IndexController))
 7 SYSTEMPATH\CodeIgniter.php(354): CodeIgniter\CodeIgniter->handleRequest(null, Object(Config\Cache), false)
 8 SYSTEMPATH\Boot.php(363): CodeIgniter\CodeIgniter->run()
 9 SYSTEMPATH\Boot.php(68): CodeIgniter\Boot::runCodeIgniter(Object(CodeIgniter\CodeIgniter))
10 FCPATH\index.php(59): CodeIgniter\Boot::bootWeb(Object(Config\Paths))
DEBUG - 2025-08-13 15:38:34 --> Session: Class initialized using 'CodeIgniter\Session\Handlers\FileHandler' driver.
WARNING - 2025-08-13 15:38:34 --> [DEPRECATED] Creation of dynamic property CodeIgniter\View\View::$session is deprecated in APPPATH\Modules\Login\Views\viewLogin.php on line 82.
 1 SYSTEMPATH\View\View.php(226): include('C:\\laragon\\www\\ccfact2\\app\\Modules\\Login\\Views\\viewLogin.php')
 2 SYSTEMPATH\View\View.php(229): CodeIgniter\View\View->CodeIgniter\View\{closure}()
 3 SYSTEMPATH\Common.php(1167): CodeIgniter\View\View->render('Modules\\Login\\Views\\viewLogin', [], true)
 4 APPPATH\Modules\Login\Controllers\IndexController.php(37): view('Modules\\Login\\Views\\viewLogin', [...])
 5 SYSTEMPATH\CodeIgniter.php(933): Modules\Login\Controllers\IndexController->index()
 6 SYSTEMPATH\CodeIgniter.php(507): CodeIgniter\CodeIgniter->runController(Object(Modules\Login\Controllers\IndexController))
 7 SYSTEMPATH\CodeIgniter.php(354): CodeIgniter\CodeIgniter->handleRequest(null, Object(Config\Cache), false)
 8 SYSTEMPATH\Boot.php(363): CodeIgniter\CodeIgniter->run()
 9 SYSTEMPATH\Boot.php(68): CodeIgniter\Boot::runCodeIgniter(Object(CodeIgniter\CodeIgniter))
10 FCPATH\index.php(59): CodeIgniter\Boot::bootWeb(Object(Config\Paths))
DEBUG - 2025-08-13 15:38:39 --> Session: Class initialized using 'CodeIgniter\Session\Handlers\FileHandler' driver.
WARNING - 2025-08-13 15:38:39 --> [DEPRECATED] Creation of dynamic property CodeIgniter\View\View::$session is deprecated in APPPATH\Modules\Login\Views\viewLogin.php on line 82.
 1 SYSTEMPATH\View\View.php(226): include('C:\\laragon\\www\\ccfact2\\app\\Modules\\Login\\Views\\viewLogin.php')
 2 SYSTEMPATH\View\View.php(229): CodeIgniter\View\View->CodeIgniter\View\{closure}()
 3 SYSTEMPATH\Common.php(1167): CodeIgniter\View\View->render('Modules\\Login\\Views\\viewLogin', [], true)
 4 APPPATH\Modules\Login\Controllers\IndexController.php(37): view('Modules\\Login\\Views\\viewLogin', [...])
 5 SYSTEMPATH\CodeIgniter.php(933): Modules\Login\Controllers\IndexController->index()
 6 SYSTEMPATH\CodeIgniter.php(507): CodeIgniter\CodeIgniter->runController(Object(Modules\Login\Controllers\IndexController))
 7 SYSTEMPATH\CodeIgniter.php(354): CodeIgniter\CodeIgniter->handleRequest(null, Object(Config\Cache), false)
 8 SYSTEMPATH\Boot.php(363): CodeIgniter\CodeIgniter->run()
 9 SYSTEMPATH\Boot.php(68): CodeIgniter\Boot::runCodeIgniter(Object(CodeIgniter\CodeIgniter))
10 FCPATH\index.php(59): CodeIgniter\Boot::bootWeb(Object(Config\Paths))
DEBUG - 2025-08-13 15:39:26 --> Session: Class initialized using 'CodeIgniter\Session\Handlers\FileHandler' driver.
WARNING - 2025-08-13 15:39:26 --> [DEPRECATED] Creation of dynamic property CodeIgniter\View\View::$session is deprecated in APPPATH\Modules\Login\Views\viewLogin.php on line 82.
 1 SYSTEMPATH\View\View.php(226): include('C:\\laragon\\www\\ccfact2\\app\\Modules\\Login\\Views\\viewLogin.php')
 2 SYSTEMPATH\View\View.php(229): CodeIgniter\View\View->CodeIgniter\View\{closure}()
 3 SYSTEMPATH\Common.php(1167): CodeIgniter\View\View->render('Modules\\Login\\Views\\viewLogin', [], true)
 4 APPPATH\Modules\Login\Controllers\IndexController.php(37): view('Modules\\Login\\Views\\viewLogin', [...])
 5 SYSTEMPATH\CodeIgniter.php(933): Modules\Login\Controllers\IndexController->index()
 6 SYSTEMPATH\CodeIgniter.php(507): CodeIgniter\CodeIgniter->runController(Object(Modules\Login\Controllers\IndexController))
 7 SYSTEMPATH\CodeIgniter.php(354): CodeIgniter\CodeIgniter->handleRequest(null, Object(Config\Cache), false)
 8 SYSTEMPATH\Boot.php(363): CodeIgniter\CodeIgniter->run()
 9 SYSTEMPATH\Boot.php(68): CodeIgniter\Boot::runCodeIgniter(Object(CodeIgniter\CodeIgniter))
10 FCPATH\index.php(59): CodeIgniter\Boot::bootWeb(Object(Config\Paths))
DEBUG - 2025-08-13 15:42:24 --> Session: Class initialized using 'CodeIgniter\Session\Handlers\FileHandler' driver.
WARNING - 2025-08-13 15:42:24 --> [DEPRECATED] Creation of dynamic property CodeIgniter\View\View::$session is deprecated in APPPATH\Modules\Login\Views\viewLogin.php on line 82.
 1 SYSTEMPATH\View\View.php(226): include('C:\\laragon\\www\\ccfact2\\app\\Modules\\Login\\Views\\viewLogin.php')
 2 SYSTEMPATH\View\View.php(229): CodeIgniter\View\View->CodeIgniter\View\{closure}()
 3 SYSTEMPATH\Common.php(1167): CodeIgniter\View\View->render('Modules\\Login\\Views\\viewLogin', [], true)
 4 APPPATH\Modules\Login\Controllers\IndexController.php(37): view('Modules\\Login\\Views\\viewLogin', [...])
 5 SYSTEMPATH\CodeIgniter.php(933): Modules\Login\Controllers\IndexController->index()
 6 SYSTEMPATH\CodeIgniter.php(507): CodeIgniter\CodeIgniter->runController(Object(Modules\Login\Controllers\IndexController))
 7 SYSTEMPATH\CodeIgniter.php(354): CodeIgniter\CodeIgniter->handleRequest(null, Object(Config\Cache), false)
 8 SYSTEMPATH\Boot.php(363): CodeIgniter\CodeIgniter->run()
 9 SYSTEMPATH\Boot.php(68): CodeIgniter\Boot::runCodeIgniter(Object(CodeIgniter\CodeIgniter))
10 FCPATH\index.php(59): CodeIgniter\Boot::bootWeb(Object(Config\Paths))
DEBUG - 2025-08-13 15:42:31 --> Session: Class initialized using 'CodeIgniter\Session\Handlers\FileHandler' driver.
WARNING - 2025-08-13 15:42:31 --> [DEPRECATED] Creation of dynamic property CodeIgniter\View\View::$session is deprecated in APPPATH\Modules\Login\Views\viewLogin.php on line 82.
 1 SYSTEMPATH\View\View.php(226): include('C:\\laragon\\www\\ccfact2\\app\\Modules\\Login\\Views\\viewLogin.php')
 2 SYSTEMPATH\View\View.php(229): CodeIgniter\View\View->CodeIgniter\View\{closure}()
 3 SYSTEMPATH\Common.php(1167): CodeIgniter\View\View->render('Modules\\Login\\Views\\viewLogin', [], true)
 4 APPPATH\Modules\Login\Controllers\IndexController.php(37): view('Modules\\Login\\Views\\viewLogin', [...])
 5 SYSTEMPATH\CodeIgniter.php(933): Modules\Login\Controllers\IndexController->index()
 6 SYSTEMPATH\CodeIgniter.php(507): CodeIgniter\CodeIgniter->runController(Object(Modules\Login\Controllers\IndexController))
 7 SYSTEMPATH\CodeIgniter.php(354): CodeIgniter\CodeIgniter->handleRequest(null, Object(Config\Cache), false)
 8 SYSTEMPATH\Boot.php(363): CodeIgniter\CodeIgniter->run()
 9 SYSTEMPATH\Boot.php(68): CodeIgniter\Boot::runCodeIgniter(Object(CodeIgniter\CodeIgniter))
10 FCPATH\index.php(59): CodeIgniter\Boot::bootWeb(Object(Config\Paths))
DEBUG - 2025-08-13 15:42:40 --> Session: Class initialized using 'CodeIgniter\Session\Handlers\FileHandler' driver.
WARNING - 2025-08-13 15:42:40 --> [DEPRECATED] Creation of dynamic property CodeIgniter\View\View::$session is deprecated in APPPATH\Modules\Login\Views\viewLogin.php on line 82.
 1 SYSTEMPATH\View\View.php(226): include('C:\\laragon\\www\\ccfact2\\app\\Modules\\Login\\Views\\viewLogin.php')
 2 SYSTEMPATH\View\View.php(229): CodeIgniter\View\View->CodeIgniter\View\{closure}()
 3 SYSTEMPATH\Common.php(1167): CodeIgniter\View\View->render('Modules\\Login\\Views\\viewLogin', [], true)
 4 APPPATH\Modules\Login\Controllers\IndexController.php(37): view('Modules\\Login\\Views\\viewLogin', [...])
 5 SYSTEMPATH\CodeIgniter.php(933): Modules\Login\Controllers\IndexController->index()
 6 SYSTEMPATH\CodeIgniter.php(507): CodeIgniter\CodeIgniter->runController(Object(Modules\Login\Controllers\IndexController))
 7 SYSTEMPATH\CodeIgniter.php(354): CodeIgniter\CodeIgniter->handleRequest(null, Object(Config\Cache), false)
 8 SYSTEMPATH\Boot.php(363): CodeIgniter\CodeIgniter->run()
 9 SYSTEMPATH\Boot.php(68): CodeIgniter\Boot::runCodeIgniter(Object(CodeIgniter\CodeIgniter))
10 FCPATH\index.php(59): CodeIgniter\Boot::bootWeb(Object(Config\Paths))
DEBUG - 2025-08-13 15:42:55 --> Session: Class initialized using 'CodeIgniter\Session\Handlers\FileHandler' driver.
WARNING - 2025-08-13 15:42:55 --> [DEPRECATED] Creation of dynamic property CodeIgniter\View\View::$session is deprecated in APPPATH\Modules\Login\Views\viewLogin.php on line 82.
 1 SYSTEMPATH\View\View.php(226): include('C:\\laragon\\www\\ccfact2\\app\\Modules\\Login\\Views\\viewLogin.php')
 2 SYSTEMPATH\View\View.php(229): CodeIgniter\View\View->CodeIgniter\View\{closure}()
 3 SYSTEMPATH\Common.php(1167): CodeIgniter\View\View->render('Modules\\Login\\Views\\viewLogin', [], true)
 4 APPPATH\Modules\Login\Controllers\IndexController.php(37): view('Modules\\Login\\Views\\viewLogin', [...])
 5 SYSTEMPATH\CodeIgniter.php(933): Modules\Login\Controllers\IndexController->index()
 6 SYSTEMPATH\CodeIgniter.php(507): CodeIgniter\CodeIgniter->runController(Object(Modules\Login\Controllers\IndexController))
 7 SYSTEMPATH\CodeIgniter.php(354): CodeIgniter\CodeIgniter->handleRequest(null, Object(Config\Cache), false)
 8 SYSTEMPATH\Boot.php(363): CodeIgniter\CodeIgniter->run()
 9 SYSTEMPATH\Boot.php(68): CodeIgniter\Boot::runCodeIgniter(Object(CodeIgniter\CodeIgniter))
10 FCPATH\index.php(59): CodeIgniter\Boot::bootWeb(Object(Config\Paths))
DEBUG - 2025-08-13 15:43:02 --> Session: Class initialized using 'CodeIgniter\Session\Handlers\FileHandler' driver.
WARNING - 2025-08-13 15:43:02 --> [DEPRECATED] Creation of dynamic property CodeIgniter\View\View::$session is deprecated in APPPATH\Modules\Login\Views\viewLogin.php on line 82.
 1 SYSTEMPATH\View\View.php(226): include('C:\\laragon\\www\\ccfact2\\app\\Modules\\Login\\Views\\viewLogin.php')
 2 SYSTEMPATH\View\View.php(229): CodeIgniter\View\View->CodeIgniter\View\{closure}()
 3 SYSTEMPATH\Common.php(1167): CodeIgniter\View\View->render('Modules\\Login\\Views\\viewLogin', [], true)
 4 APPPATH\Modules\Login\Controllers\IndexController.php(37): view('Modules\\Login\\Views\\viewLogin', [...])
 5 SYSTEMPATH\CodeIgniter.php(933): Modules\Login\Controllers\IndexController->index()
 6 SYSTEMPATH\CodeIgniter.php(507): CodeIgniter\CodeIgniter->runController(Object(Modules\Login\Controllers\IndexController))
 7 SYSTEMPATH\CodeIgniter.php(354): CodeIgniter\CodeIgniter->handleRequest(null, Object(Config\Cache), false)
 8 SYSTEMPATH\Boot.php(363): CodeIgniter\CodeIgniter->run()
 9 SYSTEMPATH\Boot.php(68): CodeIgniter\Boot::runCodeIgniter(Object(CodeIgniter\CodeIgniter))
10 FCPATH\index.php(59): CodeIgniter\Boot::bootWeb(Object(Config\Paths))
DEBUG - 2025-08-13 15:43:31 --> Session: Class initialized using 'CodeIgniter\Session\Handlers\FileHandler' driver.
WARNING - 2025-08-13 15:43:31 --> [DEPRECATED] Creation of dynamic property CodeIgniter\View\View::$session is deprecated in APPPATH\Modules\Login\Views\viewLogin.php on line 82.
 1 SYSTEMPATH\View\View.php(226): include('C:\\laragon\\www\\ccfact2\\app\\Modules\\Login\\Views\\viewLogin.php')
 2 SYSTEMPATH\View\View.php(229): CodeIgniter\View\View->CodeIgniter\View\{closure}()
 3 SYSTEMPATH\Common.php(1167): CodeIgniter\View\View->render('Modules\\Login\\Views\\viewLogin', [], true)
 4 APPPATH\Modules\Login\Controllers\IndexController.php(37): view('Modules\\Login\\Views\\viewLogin', [...])
 5 SYSTEMPATH\CodeIgniter.php(933): Modules\Login\Controllers\IndexController->index()
 6 SYSTEMPATH\CodeIgniter.php(507): CodeIgniter\CodeIgniter->runController(Object(Modules\Login\Controllers\IndexController))
 7 SYSTEMPATH\CodeIgniter.php(354): CodeIgniter\CodeIgniter->handleRequest(null, Object(Config\Cache), false)
 8 SYSTEMPATH\Boot.php(363): CodeIgniter\CodeIgniter->run()
 9 SYSTEMPATH\Boot.php(68): CodeIgniter\Boot::runCodeIgniter(Object(CodeIgniter\CodeIgniter))
10 FCPATH\index.php(59): CodeIgniter\Boot::bootWeb(Object(Config\Paths))
DEBUG - 2025-08-13 15:45:39 --> Session: Class initialized using 'CodeIgniter\Session\Handlers\FileHandler' driver.
WARNING - 2025-08-13 15:45:39 --> [DEPRECATED] Creation of dynamic property CodeIgniter\View\View::$session is deprecated in APPPATH\Modules\Login\Views\viewLogin.php on line 82.
 1 SYSTEMPATH\View\View.php(226): include('C:\\laragon\\www\\ccfact2\\app\\Modules\\Login\\Views\\viewLogin.php')
 2 SYSTEMPATH\View\View.php(229): CodeIgniter\View\View->CodeIgniter\View\{closure}()
 3 SYSTEMPATH\Common.php(1167): CodeIgniter\View\View->render('Modules\\Login\\Views\\viewLogin', [], true)
 4 APPPATH\Modules\Login\Controllers\IndexController.php(37): view('Modules\\Login\\Views\\viewLogin', [...])
 5 SYSTEMPATH\CodeIgniter.php(933): Modules\Login\Controllers\IndexController->index()
 6 SYSTEMPATH\CodeIgniter.php(507): CodeIgniter\CodeIgniter->runController(Object(Modules\Login\Controllers\IndexController))
 7 SYSTEMPATH\CodeIgniter.php(354): CodeIgniter\CodeIgniter->handleRequest(null, Object(Config\Cache), false)
 8 SYSTEMPATH\Boot.php(363): CodeIgniter\CodeIgniter->run()
 9 SYSTEMPATH\Boot.php(68): CodeIgniter\Boot::runCodeIgniter(Object(CodeIgniter\CodeIgniter))
10 FCPATH\index.php(59): CodeIgniter\Boot::bootWeb(Object(Config\Paths))
DEBUG - 2025-08-13 15:46:14 --> Session: Class initialized using 'CodeIgniter\Session\Handlers\FileHandler' driver.
WARNING - 2025-08-13 15:46:14 --> [DEPRECATED] Creation of dynamic property CodeIgniter\View\View::$session is deprecated in APPPATH\Modules\Login\Views\viewLogin.php on line 81.
 1 SYSTEMPATH\View\View.php(226): include('C:\\laragon\\www\\ccfact2\\app\\Modules\\Login\\Views\\viewLogin.php')
 2 SYSTEMPATH\View\View.php(229): CodeIgniter\View\View->CodeIgniter\View\{closure}()
 3 SYSTEMPATH\Common.php(1167): CodeIgniter\View\View->render('Modules\\Login\\Views\\viewLogin', [], true)
 4 APPPATH\Modules\Login\Controllers\IndexController.php(37): view('Modules\\Login\\Views\\viewLogin', [...])
 5 SYSTEMPATH\CodeIgniter.php(933): Modules\Login\Controllers\IndexController->index()
 6 SYSTEMPATH\CodeIgniter.php(507): CodeIgniter\CodeIgniter->runController(Object(Modules\Login\Controllers\IndexController))
 7 SYSTEMPATH\CodeIgniter.php(354): CodeIgniter\CodeIgniter->handleRequest(null, Object(Config\Cache), false)
 8 SYSTEMPATH\Boot.php(363): CodeIgniter\CodeIgniter->run()
 9 SYSTEMPATH\Boot.php(68): CodeIgniter\Boot::runCodeIgniter(Object(CodeIgniter\CodeIgniter))
10 FCPATH\index.php(59): CodeIgniter\Boot::bootWeb(Object(Config\Paths))
DEBUG - 2025-08-13 15:46:39 --> Session: Class initialized using 'CodeIgniter\Session\Handlers\FileHandler' driver.
WARNING - 2025-08-13 15:46:39 --> [DEPRECATED] Creation of dynamic property CodeIgniter\View\View::$session is deprecated in APPPATH\Modules\Login\Views\viewLogin.php on line 81.
 1 SYSTEMPATH\View\View.php(226): include('C:\\laragon\\www\\ccfact2\\app\\Modules\\Login\\Views\\viewLogin.php')
 2 SYSTEMPATH\View\View.php(229): CodeIgniter\View\View->CodeIgniter\View\{closure}()
 3 SYSTEMPATH\Common.php(1167): CodeIgniter\View\View->render('Modules\\Login\\Views\\viewLogin', [], true)
 4 APPPATH\Modules\Login\Controllers\IndexController.php(37): view('Modules\\Login\\Views\\viewLogin', [...])
 5 SYSTEMPATH\CodeIgniter.php(933): Modules\Login\Controllers\IndexController->index()
 6 SYSTEMPATH\CodeIgniter.php(507): CodeIgniter\CodeIgniter->runController(Object(Modules\Login\Controllers\IndexController))
 7 SYSTEMPATH\CodeIgniter.php(354): CodeIgniter\CodeIgniter->handleRequest(null, Object(Config\Cache), false)
 8 SYSTEMPATH\Boot.php(363): CodeIgniter\CodeIgniter->run()
 9 SYSTEMPATH\Boot.php(68): CodeIgniter\Boot::runCodeIgniter(Object(CodeIgniter\CodeIgniter))
10 FCPATH\index.php(59): CodeIgniter\Boot::bootWeb(Object(Config\Paths))
DEBUG - 2025-08-13 15:46:48 --> Session: Class initialized using 'CodeIgniter\Session\Handlers\FileHandler' driver.
WARNING - 2025-08-13 15:46:48 --> [DEPRECATED] Creation of dynamic property CodeIgniter\View\View::$session is deprecated in APPPATH\Modules\Login\Views\viewLogin.php on line 81.
 1 SYSTEMPATH\View\View.php(226): include('C:\\laragon\\www\\ccfact2\\app\\Modules\\Login\\Views\\viewLogin.php')
 2 SYSTEMPATH\View\View.php(229): CodeIgniter\View\View->CodeIgniter\View\{closure}()
 3 SYSTEMPATH\Common.php(1167): CodeIgniter\View\View->render('Modules\\Login\\Views\\viewLogin', [], true)
 4 APPPATH\Modules\Login\Controllers\IndexController.php(37): view('Modules\\Login\\Views\\viewLogin', [...])
 5 SYSTEMPATH\CodeIgniter.php(933): Modules\Login\Controllers\IndexController->index()
 6 SYSTEMPATH\CodeIgniter.php(507): CodeIgniter\CodeIgniter->runController(Object(Modules\Login\Controllers\IndexController))
 7 SYSTEMPATH\CodeIgniter.php(354): CodeIgniter\CodeIgniter->handleRequest(null, Object(Config\Cache), false)
 8 SYSTEMPATH\Boot.php(363): CodeIgniter\CodeIgniter->run()
 9 SYSTEMPATH\Boot.php(68): CodeIgniter\Boot::runCodeIgniter(Object(CodeIgniter\CodeIgniter))
10 FCPATH\index.php(59): CodeIgniter\Boot::bootWeb(Object(Config\Paths))
DEBUG - 2025-08-13 15:47:05 --> Session: Class initialized using 'CodeIgniter\Session\Handlers\FileHandler' driver.
WARNING - 2025-08-13 15:47:05 --> [DEPRECATED] Creation of dynamic property CodeIgniter\View\View::$session is deprecated in APPPATH\Modules\Login\Views\viewLogin.php on line 81.
 1 SYSTEMPATH\View\View.php(226): include('C:\\laragon\\www\\ccfact2\\app\\Modules\\Login\\Views\\viewLogin.php')
 2 SYSTEMPATH\View\View.php(229): CodeIgniter\View\View->CodeIgniter\View\{closure}()
 3 SYSTEMPATH\Common.php(1167): CodeIgniter\View\View->render('Modules\\Login\\Views\\viewLogin', [], true)
 4 APPPATH\Modules\Login\Controllers\IndexController.php(37): view('Modules\\Login\\Views\\viewLogin', [...])
 5 SYSTEMPATH\CodeIgniter.php(933): Modules\Login\Controllers\IndexController->index()
 6 SYSTEMPATH\CodeIgniter.php(507): CodeIgniter\CodeIgniter->runController(Object(Modules\Login\Controllers\IndexController))
 7 SYSTEMPATH\CodeIgniter.php(354): CodeIgniter\CodeIgniter->handleRequest(null, Object(Config\Cache), false)
 8 SYSTEMPATH\Boot.php(363): CodeIgniter\CodeIgniter->run()
 9 SYSTEMPATH\Boot.php(68): CodeIgniter\Boot::runCodeIgniter(Object(CodeIgniter\CodeIgniter))
10 FCPATH\index.php(59): CodeIgniter\Boot::bootWeb(Object(Config\Paths))
DEBUG - 2025-08-13 15:47:20 --> Session: Class initialized using 'CodeIgniter\Session\Handlers\FileHandler' driver.
WARNING - 2025-08-13 15:47:20 --> [DEPRECATED] Creation of dynamic property CodeIgniter\View\View::$session is deprecated in APPPATH\Modules\Login\Views\viewLogin.php on line 81.
 1 SYSTEMPATH\View\View.php(226): include('C:\\laragon\\www\\ccfact2\\app\\Modules\\Login\\Views\\viewLogin.php')
 2 SYSTEMPATH\View\View.php(229): CodeIgniter\View\View->CodeIgniter\View\{closure}()
 3 SYSTEMPATH\Common.php(1167): CodeIgniter\View\View->render('Modules\\Login\\Views\\viewLogin', [], true)
 4 APPPATH\Modules\Login\Controllers\IndexController.php(37): view('Modules\\Login\\Views\\viewLogin', [...])
 5 SYSTEMPATH\CodeIgniter.php(933): Modules\Login\Controllers\IndexController->index()
 6 SYSTEMPATH\CodeIgniter.php(507): CodeIgniter\CodeIgniter->runController(Object(Modules\Login\Controllers\IndexController))
 7 SYSTEMPATH\CodeIgniter.php(354): CodeIgniter\CodeIgniter->handleRequest(null, Object(Config\Cache), false)
 8 SYSTEMPATH\Boot.php(363): CodeIgniter\CodeIgniter->run()
 9 SYSTEMPATH\Boot.php(68): CodeIgniter\Boot::runCodeIgniter(Object(CodeIgniter\CodeIgniter))
10 FCPATH\index.php(59): CodeIgniter\Boot::bootWeb(Object(Config\Paths))
DEBUG - 2025-08-13 15:48:22 --> Session: Class initialized using 'CodeIgniter\Session\Handlers\FileHandler' driver.
WARNING - 2025-08-13 15:48:22 --> [DEPRECATED] Creation of dynamic property CodeIgniter\View\View::$session is deprecated in APPPATH\Modules\Login\Views\viewLogin.php on line 81.
 1 SYSTEMPATH\View\View.php(226): include('C:\\laragon\\www\\ccfact2\\app\\Modules\\Login\\Views\\viewLogin.php')
 2 SYSTEMPATH\View\View.php(229): CodeIgniter\View\View->CodeIgniter\View\{closure}()
 3 SYSTEMPATH\Common.php(1167): CodeIgniter\View\View->render('Modules\\Login\\Views\\viewLogin', [], true)
 4 APPPATH\Modules\Login\Controllers\IndexController.php(37): view('Modules\\Login\\Views\\viewLogin', [...])
 5 SYSTEMPATH\CodeIgniter.php(933): Modules\Login\Controllers\IndexController->index()
 6 SYSTEMPATH\CodeIgniter.php(507): CodeIgniter\CodeIgniter->runController(Object(Modules\Login\Controllers\IndexController))
 7 SYSTEMPATH\CodeIgniter.php(354): CodeIgniter\CodeIgniter->handleRequest(null, Object(Config\Cache), false)
 8 SYSTEMPATH\Boot.php(363): CodeIgniter\CodeIgniter->run()
 9 SYSTEMPATH\Boot.php(68): CodeIgniter\Boot::runCodeIgniter(Object(CodeIgniter\CodeIgniter))
10 FCPATH\index.php(59): CodeIgniter\Boot::bootWeb(Object(Config\Paths))
DEBUG - 2025-08-13 15:59:52 --> Session: Class initialized using 'CodeIgniter\Session\Handlers\FileHandler' driver.
WARNING - 2025-08-13 15:59:52 --> [DEPRECATED] Creation of dynamic property CodeIgniter\View\View::$session is deprecated in APPPATH\Modules\Login\Views\viewLogin.php on line 81.
 1 SYSTEMPATH\View\View.php(226): include('C:\\laragon\\www\\ccfact2\\app\\Modules\\Login\\Views\\viewLogin.php')
 2 SYSTEMPATH\View\View.php(229): CodeIgniter\View\View->CodeIgniter\View\{closure}()
 3 SYSTEMPATH\Common.php(1167): CodeIgniter\View\View->render('Modules\\Login\\Views\\viewLogin', [], true)
 4 APPPATH\Modules\Login\Controllers\IndexController.php(37): view('Modules\\Login\\Views\\viewLogin', [...])
 5 SYSTEMPATH\CodeIgniter.php(933): Modules\Login\Controllers\IndexController->index()
 6 SYSTEMPATH\CodeIgniter.php(507): CodeIgniter\CodeIgniter->runController(Object(Modules\Login\Controllers\IndexController))
 7 SYSTEMPATH\CodeIgniter.php(354): CodeIgniter\CodeIgniter->handleRequest(null, Object(Config\Cache), false)
 8 SYSTEMPATH\Boot.php(363): CodeIgniter\CodeIgniter->run()
 9 SYSTEMPATH\Boot.php(68): CodeIgniter\Boot::runCodeIgniter(Object(CodeIgniter\CodeIgniter))
10 FCPATH\index.php(59): CodeIgniter\Boot::bootWeb(Object(Config\Paths))
DEBUG - 2025-08-13 16:01:13 --> Session: Class initialized using 'CodeIgniter\Session\Handlers\FileHandler' driver.
WARNING - 2025-08-13 16:01:13 --> [DEPRECATED] Creation of dynamic property CodeIgniter\View\View::$session is deprecated in APPPATH\Modules\Login\Views\viewLogin.php on line 81.
 1 SYSTEMPATH\View\View.php(226): include('C:\\laragon\\www\\ccfact2\\app\\Modules\\Login\\Views\\viewLogin.php')
 2 SYSTEMPATH\View\View.php(229): CodeIgniter\View\View->CodeIgniter\View\{closure}()
 3 SYSTEMPATH\Common.php(1167): CodeIgniter\View\View->render('Modules\\Login\\Views\\viewLogin', [], true)
 4 APPPATH\Modules\Login\Controllers\IndexController.php(37): view('Modules\\Login\\Views\\viewLogin', [...])
 5 SYSTEMPATH\CodeIgniter.php(933): Modules\Login\Controllers\IndexController->index()
 6 SYSTEMPATH\CodeIgniter.php(507): CodeIgniter\CodeIgniter->runController(Object(Modules\Login\Controllers\IndexController))
 7 SYSTEMPATH\CodeIgniter.php(354): CodeIgniter\CodeIgniter->handleRequest(null, Object(Config\Cache), false)
 8 SYSTEMPATH\Boot.php(363): CodeIgniter\CodeIgniter->run()
 9 SYSTEMPATH\Boot.php(68): CodeIgniter\Boot::runCodeIgniter(Object(CodeIgniter\CodeIgniter))
10 FCPATH\index.php(59): CodeIgniter\Boot::bootWeb(Object(Config\Paths))
